[debug] [2018-01-12T12:09:54.497Z] ----------------------------------------------------------------------
[debug] [2018-01-12T12:09:54.499Z] Command:       C:\Program Files\nodejs\node.exe C:\Users\KANG\AppData\Roaming\npm\node_modules\firebase-tools\bin\firebase serve
[debug] [2018-01-12T12:09:54.500Z] CLI Version:   3.16.0
[debug] [2018-01-12T12:09:54.500Z] Platform:      win32
[debug] [2018-01-12T12:09:54.500Z] Node Version:  v6.10.2
[debug] [2018-01-12T12:09:54.503Z] Time:          Fri Jan 12 2018 21:09:54 GMT+0900 (대한민국 표준시)
[debug] [2018-01-12T12:09:54.503Z] ----------------------------------------------------------------------
[debug] 
[debug] [2018-01-12T12:09:54.519Z] > command requires scopes: ["email","openid","https://www.googleapis.com/auth/cloudplatformprojects.readonly","https://www.googleapis.com/auth/firebase","https://www.googleapis.com/auth/cloud-platform"]
[debug] [2018-01-12T12:09:54.520Z] > authorizing via signed-in user
[debug] [2018-01-12T12:09:54.522Z] > refreshing access token with scopes: ["email","https://www.googleapis.com/auth/cloud-platform","https://www.googleapis.com/auth/cloudplatformprojects.readonly","https://www.googleapis.com/auth/firebase","openid"]
[debug] [2018-01-12T12:09:54.522Z] >>> HTTP REQUEST POST https://www.googleapis.com/oauth2/v3/token  
 { refresh_token: '1/JptVn16of-7n92DaMX5hy-q-iX3Cx_Ct6Ow-CeB-_Fs',
  client_id: '563584335869-fgrhgmd47bqnekij5i8b5pr03ho849e6.apps.googleusercontent.com',
  client_secret: 'j9iVZfS8kkCEFUPaAeJV0sAi',
  grant_type: 'refresh_token',
  scope: 'email https://www.googleapis.com/auth/cloud-platform https://www.googleapis.com/auth/cloudplatformprojects.readonly https://www.googleapis.com/auth/firebase openid' } 
 Fri Jan 12 2018 21:09:54 GMT+0900 (대한민국 표준시)
[debug] [2018-01-12T12:09:54.893Z] <<< HTTP RESPONSE 200
[debug] [2018-01-12T12:09:54.902Z] >>> HTTP REQUEST GET https://admin.firebase.com/v1/projects/sikgoocontentprovider  
  
 Fri Jan 12 2018 21:09:54 GMT+0900 (대한민국 표준시)
[debug] [2018-01-12T12:09:55.764Z] <<< HTTP RESPONSE 200
[debug] [2018-01-12T12:09:55.765Z] >>> HTTP REQUEST GET https://admin.firebase.com/v1/database/sikgoocontentprovider/tokens  
  
 Fri Jan 12 2018 21:09:55 GMT+0900 (대한민국 표준시)
[debug] [2018-01-12T12:09:56.503Z] <<< HTTP RESPONSE 200
[info] 
[info] === Serving from 'E:\repo\SikgooContentProvider'...
[info] 
[debug] [2018-01-12T12:09:56.509Z] >>> HTTP REQUEST GET https://cloudresourcemanager.googleapis.com/v1/projects/sikgoocontentprovider  
  
 Fri Jan 12 2018 21:09:56 GMT+0900 (대한민국 표준시)
[debug] [2018-01-12T12:09:57.512Z] <<< HTTP RESPONSE 200
[debug] [2018-01-12T12:09:57.513Z] >>> HTTP REQUEST GET https://mobilesdk-pa.googleapis.com/v1/projects/144036639476/clients/_:getWebAppConfig  
  
 Fri Jan 12 2018 21:09:57 GMT+0900 (대한민국 표준시)
[debug] [2018-01-12T12:09:58.528Z] <<< HTTP RESPONSE 200
[info] i  hosting: Serving hosting files from: public
[info] +  hosting: Local server: http://localhost:5000

